<?xml version="1.0" encoding="UTF-8"?>
<!-- Generated by org.testng.reporters.JUnitReportReporter -->
<testsuite hostname="DESKTOP-1VSDUBV" failures="0" tests="3" name="practice.TestNg$TestNG" time="0.021" errors="0" timestamp="2023-02-23T11:54:26 IST" skipped="0">
  <testcase classname="practice.TestNg$TestNG" name="test3" time="0.007"/>
  <system-out/>
  <testcase classname="practice.TestNg$TestNG" name="test2" time="0.007"/>
  <system-out/>
  <testcase classname="practice.TestNg$TestNG" name="test1" time="0.007"/>
  <system-out/>
</testsuite> <!-- practice.TestNg$TestNG -->
