<?xml version="1.0" encoding="UTF-8"?>
<!-- Generated by org.testng.reporters.JUnitReportReporter -->
<testsuite hostname="DESKTOP-1VSDUBV" failures="0" tests="1" name="practice.BrokenLinks" time="15.700" errors="0" timestamp="2023-03-07T12:09:20 IST" skipped="0">
  <testcase classname="practice.BrokenLinks" name="test2" time="15.700"/>
  <system-out/>
</testsuite> <!-- practice.BrokenLinks -->
