<?xml version="1.0" encoding="UTF-8"?>
<!-- Generated by org.testng.reporters.JUnitReportReporter -->
<testsuite hostname="DESKTOP-1VSDUBV" failures="0" tests="1" name="practice.TestNg.TestNgPractice" time="6.756" errors="0" timestamp="2023-02-28T15:32:24 IST" skipped="0">
  <testcase classname="practice.TestNg.TestNgPractice" name="test1" time="6.756"/>
  <system-out/>
</testsuite> <!-- practice.TestNg.TestNgPractice -->
