<?xml version="1.0" encoding="UTF-8"?>
<!-- Generated by org.testng.reporters.JUnitReportReporter -->
<testsuite hostname="DESKTOP-1VSDUBV" failures="0" tests="1" name="practice.TestNg.TestScript2" time="6.625" errors="0" timestamp="2023-02-28T12:23:50 IST" skipped="0">
  <testcase classname="practice.TestNg.TestScript2" name="UserRegistrationLoginAndBookAppointmentTest" time="6.625"/>
  <system-out/>
</testsuite> <!-- practice.TestNg.TestScript2 -->
