<?xml version="1.0" encoding="UTF-8"?>
<!-- Generated by org.testng.reporters.JUnitReportReporter -->
<testsuite hostname="DESKTOP-1VSDUBV" failures="0" tests="3" name="practice.TestNg.BeforeTestNg$BeforeTestNG" time="0.025" errors="0" timestamp="2023-02-26T17:46:46 IST" skipped="0">
  <testcase classname="practice.TestNg.BeforeTestNg$BeforeTestNG" name="test1" time="0.012"/>
  <system-out/>
  <testcase classname="practice.TestNg.BeforeTestNg$BeforeTestNG" name="test3" time="0.008"/>
  <system-out/>
  <testcase classname="practice.TestNg.BeforeTestNg$BeforeTestNG" name="test2" time="0.005"/>
  <system-out/>
</testsuite> <!-- practice.TestNg.BeforeTestNg$BeforeTestNG -->
