<?xml version="1.0" encoding="UTF-8"?>
<!-- Generated by org.testng.reporters.JUnitReportReporter -->
<testsuite hostname="DESKTOP-1VSDUBV" failures="0" tests="1" name="com.hms.nml.genericUtilities.listener.BaseClassPratice" time="0.021" errors="0" timestamp="2023-02-28T17:59:59 IST" skipped="0">
  <testcase classname="com.hms.nml.genericUtilities.listener.BaseClassPratice" name="test1" time="0.021"/>
  <system-out/>
</testsuite> <!-- com.hms.nml.genericUtilities.listener.BaseClassPratice -->
