<?xml version="1.0" encoding="UTF-8"?>
<!-- Generated by org.testng.reporters.JUnitReportReporter -->
<testsuite hostname="DESKTOP-1VSDUBV" failures="0" tests="1" name="practice.TestNg.BaseClassPratice" time="0.010" errors="0" timestamp="2023-02-28T17:57:28 IST" skipped="0">
  <testcase classname="practice.TestNg.BaseClassPratice" name="test1" time="0.010"/>
  <system-out/>
</testsuite> <!-- practice.TestNg.BaseClassPratice -->
