<?xml version="1.0" encoding="UTF-8"?>
<!-- Generated by org.testng.reporters.JUnitReportReporter -->
<testsuite hostname="DESKTOP-1VSDUBV" failures="0" tests="4" name="practice.TestNg.DataProviderEx" time="0.032" errors="0" timestamp="2023-02-24T16:35:49 IST" skipped="0">
  <testcase classname="practice.TestNg.DataProviderEx" name="test" time="0.011"/>
  <system-out/>
  <testcase classname="practice.TestNg.DataProviderEx" name="test" time="0.004"/>
  <system-out/>
  <testcase classname="practice.TestNg.DataProviderEx" name="test" time="0.010"/>
  <system-out/>
  <testcase classname="practice.TestNg.DataProviderEx" name="test" time="0.007"/>
  <system-out/>
</testsuite> <!-- practice.TestNg.DataProviderEx -->
