<?xml version="1.0" encoding="UTF-8"?>
<!-- Generated by org.testng.reporters.JUnitReportReporter -->
<testsuite hostname="DESKTOP-1VSDUBV" failures="0" tests="1" name="hms.nml.doctor.CancellingAppointmentByDoctorTest" time="7.813" errors="0" timestamp="2023-03-01T11:04:01 IST" skipped="0">
  <testcase classname="hms.nml.doctor.CancellingAppointmentByDoctorTest" name="cancellingAppointmentByDoctorTest" time="7.813"/>
  <system-out/>
</testsuite> <!-- hms.nml.doctor.CancellingAppointmentByDoctorTest -->
