<?xml version="1.0" encoding="UTF-8"?>
<!-- Generated by org.testng.reporters.JUnitReportReporter -->
<testsuite hostname="DESKTOP-1VSDUBV" failures="0" tests="1" name="hms.nml.admin.AdminCheckingMedicalReportTest" time="8.312" errors="0" timestamp="2023-03-01T10:58:35 IST" skipped="0">
  <testcase classname="hms.nml.admin.AdminCheckingMedicalReportTest" name="adminCheckingMedicalReportTest" time="8.312"/>
  <system-out/>
</testsuite> <!-- hms.nml.admin.AdminCheckingMedicalReportTest -->
