<?xml version="1.0" encoding="UTF-8"?>
<!-- Generated by org.testng.reporters.JUnitReportReporter -->
<testsuite hostname="DESKTOP-1VSDUBV" failures="0" tests="4" name="practice.TestScript1" time="33.094" errors="0" timestamp="2023-02-24T10:32:24 IST" skipped="0">
  <testcase classname="practice.TestScript1" name="UserRegistrationLoginAndBookAppointmentTest" time="7.592"/>
  <system-out/>
  <testcase classname="practice.TestScript1" name="ApprovePatientAppointmentAndAddMedicalHistoryTest" time="8.462"/>
  <system-out/>
  <testcase classname="practice.TestScript1" name="AdhocDeleteDoctorTest" time="9.666"/>
  <system-out/>
  <testcase classname="practice.TestScript1" name="AddDoctorTest" time="7.374"/>
  <system-out/>
</testsuite> <!-- practice.TestScript1 -->
