<?xml version="1.0" encoding="UTF-8"?>
<!-- Generated by org.testng.reporters.JUnitReportReporter -->
<testsuite hostname="DESKTOP-1VSDUBV" failures="0" tests="3" name="practice.TestNg.TestNg$TestNG" time="0.015" errors="0" timestamp="2023-02-26T17:46:46 IST" skipped="0">
  <testcase classname="practice.TestNg.TestNg$TestNG" name="test3" time="0.005"/>
  <system-out/>
  <testcase classname="practice.TestNg.TestNg$TestNG" name="test2" time="0.006"/>
  <system-out/>
  <testcase classname="practice.TestNg.TestNg$TestNG" name="test1" time="0.004"/>
  <system-out/>
</testsuite> <!-- practice.TestNg.TestNg$TestNG -->
