<?xml version="1.0" encoding="UTF-8"?>
<!-- Generated by org.testng.reporters.JUnitReportReporter -->
<testsuite hostname="DESKTOP-1VSDUBV" failures="0" tests="1" name="practice.ReportTestngClass1" time="3.816" errors="0" timestamp="2023-03-02T10:53:56 IST" skipped="0">
  <testcase classname="practice.ReportTestngClass1" name="googleTest" time="3.816"/>
  <system-out/>
</testsuite> <!-- practice.ReportTestngClass1 -->
