<?xml version="1.0" encoding="UTF-8"?>
<!-- Generated by org.testng.reporters.JUnitReportReporter -->
<testsuite hostname="DESKTOP-1VSDUBV" failures="0" tests="1" name="practice.AfterTestNG" time="0.010" errors="0" timestamp="2023-02-23T11:54:26 IST" skipped="0">
  <testcase classname="practice.AfterTestNG" name="test" time="0.010"/>
  <system-out/>
</testsuite> <!-- practice.AfterTestNG -->
