<?xml version="1.0" encoding="UTF-8"?>
<!-- Generated by org.testng.reporters.JUnitReportReporter -->
<testsuite hostname="DESKTOP-1VSDUBV" failures="0" tests="1" name="practice.Practice" time="33.615" errors="0" timestamp="2023-03-16T10:05:28 IST" skipped="0">
  <testcase classname="practice.Practice" name="test" time="33.615"/>
  <system-out/>
</testsuite> <!-- practice.Practice -->
