<?xml version="1.0" encoding="UTF-8"?>
<!-- Generated by org.testng.reporters.JUnitReportReporter -->
<testsuite hostname="DESKTOP-1VSDUBV" failures="0" tests="3" name="practice.BeforeTestNg$BeforeTestNG" time="0.014" errors="0" timestamp="2023-02-23T11:54:26 IST" skipped="0">
  <testcase classname="practice.BeforeTestNg$BeforeTestNG" name="test1" time="0.004"/>
  <system-out/>
  <testcase classname="practice.BeforeTestNg$BeforeTestNG" name="test3" time="0.006"/>
  <system-out/>
  <testcase classname="practice.BeforeTestNg$BeforeTestNG" name="test2" time="0.004"/>
  <system-out/>
</testsuite> <!-- practice.BeforeTestNg$BeforeTestNG -->
