<?xml version="1.0" encoding="UTF-8"?>
<!-- Generated by org.testng.reporters.JUnitReportReporter -->
<testsuite hostname="DESKTOP-1VSDUBV" failures="0" tests="2" name="hms.nml.doctor.ApprovePatientAppointmentAndAddMedicalHistoryTest" time="30.590" errors="0" timestamp="2023-03-03T15:19:25 IST" skipped="0">
  <testcase classname="hms.nml.doctor.ApprovePatientAppointmentAndAddMedicalHistoryTest" name="approvePatientAppointmentAndAddMedicalHistoryTest" time="12.232"/>
  <system-out/>
  <testcase classname="hms.nml.doctor.ApprovePatientAppointmentAndAddMedicalHistoryTest" name="approvePatientAppointmentAndAddMedicalHistoryTest" time="18.358"/>
  <system-out/>
</testsuite> <!-- hms.nml.doctor.ApprovePatientAppointmentAndAddMedicalHistoryTest -->
