<?xml version="1.0" encoding="UTF-8"?>
<!-- Generated by org.testng.reporters.JUnitReportReporter -->
<testsuite hostname="DESKTOP-1VSDUBV" failures="0" tests="1" name="hms.nml.admin.AddDoctorTest" time="11.908" errors="0" timestamp="2023-03-08T11:27:40 IST" skipped="0">
  <testcase classname="hms.nml.admin.AddDoctorTest" name="addDoctorTest" time="11.908"/>
  <system-out/>
</testsuite> <!-- hms.nml.admin.AddDoctorTest -->
